e:\projects\mtms\mtms\release\vc120.pdb
e:\projects\mtms\mtms\release\tscr.obj
e:\projects\mtms\mtms\release\sequ.obj
e:\projects\mtms\mtms\release\post.obj
e:\projects\mtms\mtms\release\init.obj
e:\projects\mtms\mtms\release\fldp.obj
e:\projects\mtms\mtms\release\fldi.obj
e:\projects\mtms\mtms\release\emct.obj
e:\projects\mtms\mtms\release\dpwr.obj
e:\projects\mtms\mtms\release\dpwc.obj
e:\projects\mtms\mtms\release\dpck.obj
e:\projects\mtms\mtms\release\ctss.obj
e:\projects\mtms\mtms\release\ctes.obj
e:\projects\mtms\mtms\release\bmpf.obj
e:\projects\mtms\mtms\release\alpr.obj
e:\projects\mtms\mtms\release\alph.obj
e:\projects\mtms\mtms\release\mtcpconnection.obj
e:\projects\mtms\mtms\release\mainprocess.obj
e:\projects\mtms\mtms\release\jsonhelper.obj
e:\projects\mtms\mtms\release\framebase.obj
e:\projects\mtms\mtms\release\clog.obj
e:\projects\mtms\mtms\release\zmqsubscriber.obj
e:\projects\mtms\mtms\release\zmqreplyer.obj
e:\projects\mtms\mtms\release\tmhandler.obj
e:\projects\mtms\mtms\release\ygwr.obj
e:\projects\mtms\mtms\release\ygwc.obj
e:\projects\mtms\mtms\release\ygtspost.obj
e:\projects\mtms\mtms\release\ygts.obj
e:\projects\mtms\mtms\release\ygtr.obj
e:\projects\mtms\mtms\release\vtstpost.obj
e:\projects\mtms\mtms\release\vtst.obj
e:\projects\mtms\mtms\release\vdcr.obj
e:\projects\mtms\mtms\release\vcal.obj
e:\projects\mtms\mtms\release\tsed.obj
e:\projects\mtms\release\mtms.exe
e:\projects\mtms\release\mtms.pdb
e:\projects\mtms\release\mtms.lib
e:\projects\mtms\release\mtms.exp
c:\project\ia978-mtcp\mtms\mtms\release\alph.obj
c:\project\ia978-mtcp\mtms\mtms\release\alpr.obj
c:\project\ia978-mtcp\mtms\mtms\release\bmpf.obj
c:\project\ia978-mtcp\mtms\mtms\release\clog.obj
c:\project\ia978-mtcp\mtms\mtms\release\ctes.obj
c:\project\ia978-mtcp\mtms\mtms\release\ctss.obj
c:\project\ia978-mtcp\mtms\mtms\release\dpck.obj
c:\project\ia978-mtcp\mtms\mtms\release\dpwc.obj
c:\project\ia978-mtcp\mtms\mtms\release\dpwr.obj
c:\project\ia978-mtcp\mtms\mtms\release\emct.obj
c:\project\ia978-mtcp\mtms\mtms\release\fldi.obj
c:\project\ia978-mtcp\mtms\mtms\release\fldp.obj
c:\project\ia978-mtcp\mtms\mtms\release\framebase.obj
c:\project\ia978-mtcp\mtms\mtms\release\init.obj
c:\project\ia978-mtcp\mtms\mtms\release\jsonhelper.obj
c:\project\ia978-mtcp\mtms\mtms\release\mainprocess.obj
c:\project\ia978-mtcp\mtms\mtms\release\mtcpconnection.obj
c:\project\ia978-mtcp\mtms\mtms\release\post.obj
c:\project\ia978-mtcp\mtms\mtms\release\sequ.obj
c:\project\ia978-mtcp\mtms\mtms\release\tmhandler.obj
c:\project\ia978-mtcp\mtms\mtms\release\tscr.obj
c:\project\ia978-mtcp\mtms\mtms\release\tsed.obj
c:\project\ia978-mtcp\mtms\mtms\release\vcal.obj
c:\project\ia978-mtcp\mtms\mtms\release\vdcr.obj
c:\project\ia978-mtcp\mtms\mtms\release\vtst.obj
c:\project\ia978-mtcp\mtms\mtms\release\vtstpost.obj
c:\project\ia978-mtcp\mtms\mtms\release\ygtr.obj
c:\project\ia978-mtcp\mtms\mtms\release\ygts.obj
c:\project\ia978-mtcp\mtms\mtms\release\ygtspost.obj
c:\project\ia978-mtcp\mtms\mtms\release\ygwc.obj
c:\project\ia978-mtcp\mtms\mtms\release\ygwr.obj
c:\project\ia978-mtcp\mtms\mtms\release\zmqreplyer.obj
c:\project\ia978-mtcp\mtms\mtms\release\zmqsubscriber.obj
c:\project\ia978-mtcp\mtms\mtms\release\vc120.pdb
c:\project\ia978-mtcp\mtms\release\mtms.pdb
c:\project\ia978-mtcp\mtms\release\mtms.exe
c:\project\ia978-mtcp\mtms\mtms\release\mtms.tlog\cl.command.1.tlog
c:\project\ia978-mtcp\mtms\mtms\release\mtms.tlog\cl.read.1.tlog
c:\project\ia978-mtcp\mtms\mtms\release\mtms.tlog\cl.write.1.tlog
c:\project\ia978-mtcp\mtms\mtms\release\mtms.tlog\link.command.1.tlog
c:\project\ia978-mtcp\mtms\mtms\release\mtms.tlog\link.read.1.tlog
c:\project\ia978-mtcp\mtms\mtms\release\mtms.tlog\link.write.1.tlog
c:\project\ia978-mtcp\mtms\mtms\release\mtms.tlog\mtms.write.1u.tlog
