d:\qqqq\mtms\mtms\debug\vc120.pdb
d:\qqqq\mtms\mtms\debug\vc120.idb
d:\qqqq\mtms\mtms\debug\emct.obj
d:\qqqq\mtms\mtms\debug\fldi.obj
d:\qqqq\mtms\mtms\debug\fldp.obj
d:\qqqq\mtms\mtms\debug\init.obj
d:\qqqq\mtms\mtms\debug\post.obj
d:\qqqq\mtms\mtms\debug\sequ.obj
d:\qqqq\mtms\mtms\debug\tscr.obj
d:\qqqq\mtms\mtms\debug\tsed.obj
d:\qqqq\mtms\mtms\debug\vcal.obj
d:\qqqq\mtms\mtms\debug\vdcr.obj
d:\qqqq\mtms\mtms\debug\vtst.obj
d:\qqqq\mtms\mtms\debug\vtstpost.obj
d:\qqqq\mtms\mtms\debug\ygtr.obj
d:\qqqq\mtms\mtms\debug\ygts.obj
d:\qqqq\mtms\mtms\debug\ygtspost.obj
d:\qqqq\mtms\mtms\debug\ygwc.obj
d:\qqqq\mtms\mtms\debug\ygwr.obj
d:\qqqq\mtms\mtms\debug\tmhandler.obj
d:\qqqq\mtms\mtms\debug\zmqreplyer.obj
d:\qqqq\mtms\mtms\debug\zmqsubscriber.obj
d:\qqqq\mtms\mtms\debug\clog.obj
d:\qqqq\mtms\mtms\debug\framebase.obj
d:\qqqq\mtms\mtms\debug\jsonhelper.obj
d:\qqqq\mtms\mtms\debug\mainprocess.obj
d:\qqqq\mtms\mtms\debug\mtcpconnection.obj
d:\qqqq\mtms\mtms\debug\alph.obj
d:\qqqq\mtms\mtms\debug\alpr.obj
d:\qqqq\mtms\mtms\debug\bmpf.obj
d:\qqqq\mtms\mtms\debug\ctes.obj
d:\qqqq\mtms\mtms\debug\ctss.obj
d:\qqqq\mtms\mtms\debug\dpck.obj
d:\qqqq\mtms\mtms\debug\dpwc.obj
d:\qqqq\mtms\mtms\debug\dpwr.obj
d:\qqqq\mtms\debug\mtms.ilk
d:\qqqq\mtms\debug\mtms.exe
d:\qqqq\mtms\debug\mtms.pdb
d:\qqqq\mtms\debug\mtms.lib
d:\qqqq\mtms\debug\mtms.exp
d:\qqqq\mtms\mtms\debug\mtms.tlog\cl.command.1.tlog
d:\qqqq\mtms\mtms\debug\mtms.tlog\cl.read.1.tlog
d:\qqqq\mtms\mtms\debug\mtms.tlog\cl.write.1.tlog
d:\qqqq\mtms\mtms\debug\mtms.tlog\link.command.1.tlog
d:\qqqq\mtms\mtms\debug\mtms.tlog\link.read.1.tlog
d:\qqqq\mtms\mtms\debug\mtms.tlog\link.write.1.tlog
d:\qqqq\mtms\mtms\debug\mtms.tlog\mtms.write.1u.tlog
